2025-12-12 14:02:28, MOVE, v:1, k:poo@estacionamento, mode:PICK
2025-12-12 14:02:28, EXEC, v:1, k:poo@estacionamento, mode:FULL, rate:0
2025-12-12 14:03:45, EXEC, v:1, k:poo@estacionamento, mode:FULL, rate:0, size:95
2025-12-12 14:04:26, EXEC, v:1, k:poo@estacionamento, mode:FULL, rate:0, size:95
2025-12-12 14:06:22, EXEC, v:1, k:poo@estacionamento, mode:FULL, rate:0, size:95
2025-12-12 14:06:51, EXEC, v:1, k:poo@estacionamento, mode:FULL, rate:0, size:99
2025-12-12 14:07:58, EXEC, v:1, k:poo@estacionamento, mode:FULL, rate:0, size:99
2025-12-12 14:09:33, EXEC, v:1, k:poo@estacionamento, mode:FULL, rate:0, size:99
2025-12-12 14:09:46, EXEC, v:1, k:poo@estacionamento, mode:FULL, rate:0, size:99
2025-12-12 14:10:37, EXEC, v:1, k:poo@estacionamento, mode:FULL, rate:0, size:101
2025-12-12 14:10:58, EXEC, v:1, k:poo@estacionamento, mode:FULL, rate:0, size:101
2025-12-12 14:13:29, EXEC, v:1, k:poo@estacionamento, mode:FULL, rate:0, size:103
2025-12-12 14:14:10, EXEC, v:1, k:poo@estacionamento, mode:FULL, rate:0, size:101
2025-12-12 14:14:27, EXEC, v:1, k:poo@estacionamento, mode:FULL, rate:0, size:101
2025-12-12 14:15:21, EXEC, v:1, k:poo@estacionamento, mode:FULL, rate:0
2025-12-12 14:15:21, MOVE, v:1, k:poo@estacionamento, mode:BACK
2025-12-12 14:15:22, MOVE, v:1, k:poo@estacionamento, mode:PICK
2025-12-12 14:15:22, EXEC, v:1, k:poo@estacionamento, mode:FULL, rate:0
2025-12-12 14:15:49, EXEC, v:1, k:poo@estacionamento, mode:FULL, rate:25, size:103
2025-12-12 14:17:08, EXEC, v:1, k:poo@estacionamento, mode:FULL, rate:25, size:111
2025-12-12 14:17:24, EXEC, v:1, k:poo@estacionamento, mode:FULL, rate:50, size:114
2025-12-12 14:18:28, EXEC, v:1, k:poo@estacionamento, mode:FULL, rate:50, size:120
2025-12-12 14:18:41, EXEC, v:1, k:poo@estacionamento, mode:FULL, rate:75, size:123
2025-12-12 14:21:55, EXEC, v:1, k:poo@estacionamento, mode:FULL, rate:0, size:128
2025-12-12 14:23:13, EXEC, v:1, k:poo@estacionamento, mode:FULL, rate:75, size:130
2025-12-12 14:23:39, EXEC, v:1, k:poo@estacionamento, mode:FULL, rate:75, size:133
2025-12-12 14:24:17, EXEC, v:1, k:poo@estacionamento, mode:FULL, rate:75, size:133
2025-12-12 14:24:31, EXEC, v:1, k:poo@estacionamento, mode:FULL, rate:75, size:133
2025-12-12 14:25:13, EXEC, v:1, k:poo@estacionamento, mode:FULL, rate:75, size:132
2025-12-12 14:26:03, EXEC, v:1, k:poo@estacionamento, mode:FULL, rate:75, size:132
2025-12-12 14:27:16, EXEC, v:1, k:poo@estacionamento, mode:FULL, rate:75, size:132
2025-12-12 14:27:31, EXEC, v:1, k:poo@estacionamento, mode:FULL, rate:75, size:132
2025-12-12 14:28:27, EXEC, v:1, k:poo@estacionamento, mode:FULL, rate:100, size:135
2025-12-12 14:28:35, EXEC, v:1, k:poo@estacionamento, mode:FULL, rate:100
2025-12-12 14:28:36, MOVE, v:1, k:poo@estacionamento, mode:BACK
2025-12-12 14:28:56, SELF, v:1, k:poo@estacionamento, rate:100, alone:9, study:120
2025-12-12 14:29:17, SELF, v:1, k:poo@pagamento, rate:100, alone:10, study:20
2025-12-12 14:29:25, MOVE, v:1, k:poo@zoo, mode:PICK
2025-12-12 14:29:26, EXEC, v:1, k:poo@zoo, mode:LOCK, rate:0
2025-12-12 14:29:26, EXEC, v:1, k:poo@zoo, mode:LOCK, rate:0
2025-12-12 14:29:27, MOVE, v:1, k:poo@zoo, mode:BACK
2025-12-12 14:29:29, MOVE, v:1, k:poo@pagamento, mode:PICK
2025-12-12 14:29:29, EXEC, v:1, k:poo@pagamento, mode:LOCK, rate:0
2025-12-12 14:29:30, EXEC, v:1, k:poo@pagamento, mode:LOCK, rate:0
2025-12-12 14:29:30, MOVE, v:1, k:poo@pagamento, mode:BACK
2025-12-12 14:29:31, MOVE, v:1, k:poo@pagamento, mode:PICK
2025-12-12 14:29:32, EXEC, v:1, k:poo@pagamento, mode:LOCK, rate:0
2025-12-12 14:29:32, MOVE, v:1, k:poo@pagamento, mode:BACK
2025-12-12 14:29:34, MOVE, v:1, k:poo@estacionamento, mode:PICK
2025-12-12 14:29:35, EXEC, v:1, k:poo@estacionamento, mode:FULL, rate:100
2025-12-12 14:29:36, EXEC, v:1, k:poo@estacionamento, mode:FULL, rate:100
2025-12-12 14:30:21, EXEC, v:1, k:poo@estacionamento, mode:FULL, rate:100, size:135
2025-12-12 14:30:30, EXEC, v:1, k:poo@estacionamento, mode:FULL, rate:100, size:135
2025-12-12 14:30:38, EXEC, v:1, k:poo@estacionamento, mode:FULL, rate:100, size:135
2025-12-12 14:31:20, EXEC, v:1, k:poo@estacionamento, mode:FULL, rate:100
2025-12-12 14:31:21, MOVE, v:1, k:poo@estacionamento, mode:BACK
2025-12-12 14:33:12, MOVE, v:1, k:poo@estacionamento, mode:PICK
2025-12-12 14:33:13, EXEC, v:1, k:poo@estacionamento, mode:FULL, rate:100
2025-12-12 14:33:14, EXEC, v:1, k:poo@estacionamento, mode:FULL, rate:100
2025-12-12 14:33:15, MOVE, v:1, k:poo@estacionamento, mode:BACK
2025-12-12 14:33:17, MOVE, v:1, k:poo@estacionamento, mode:PICK
2025-12-12 14:33:18, EXEC, v:1, k:poo@estacionamento, mode:FULL, rate:100
2025-12-12 14:33:18, EXEC, v:1, k:poo@estacionamento, mode:FULL, rate:100
2025-12-12 14:33:18, EXEC, v:1, k:poo@estacionamento, mode:FULL, rate:100
2025-12-12 14:33:18, EXEC, v:1, k:poo@estacionamento, mode:FULL, rate:100
2025-12-12 14:33:18, EXEC, v:1, k:poo@estacionamento, mode:FULL, rate:100
2025-12-12 14:33:18, MOVE, v:1, k:poo@estacionamento, mode:BACK
2025-12-12 14:33:19, MOVE, v:1, k:poo@estacionamento, mode:PICK
2025-12-12 14:33:19, EXEC, v:1, k:poo@estacionamento, mode:FULL, rate:100
2025-12-12 14:33:19, EXEC, v:1, k:poo@estacionamento, mode:FULL, rate:100
2025-12-12 14:33:20, EXEC, v:1, k:poo@estacionamento, mode:FULL, rate:100
2025-12-12 14:33:20, EXEC, v:1, k:poo@estacionamento, mode:FULL, rate:100
2025-12-12 14:33:20, EXEC, v:1, k:poo@estacionamento, mode:FULL, rate:100
2025-12-12 14:33:20, EXEC, v:1, k:poo@estacionamento, mode:FULL, rate:100
2025-12-12 14:33:21, EXEC, v:1, k:poo@estacionamento, mode:FULL, rate:100
2025-12-12 14:33:21, EXEC, v:1, k:poo@estacionamento, mode:FULL, rate:100
2025-12-12 14:33:21, EXEC, v:1, k:poo@estacionamento, mode:FULL, rate:100
2025-12-12 14:33:21, EXEC, v:1, k:poo@estacionamento, mode:FULL, rate:100
2025-12-12 14:33:21, EXEC, v:1, k:poo@estacionamento, mode:FULL, rate:100
2025-12-12 14:33:21, EXEC, v:1, k:poo@estacionamento, mode:FULL, rate:100
2025-12-12 14:33:21, MOVE, v:1, k:poo@estacionamento, mode:BACK
2025-12-12 14:33:22, MOVE, v:1, k:poo@estacionamento, mode:PICK
2025-12-12 14:33:22, EXEC, v:1, k:poo@estacionamento, mode:FULL, rate:100
2025-12-12 14:33:23, EXEC, v:1, k:poo@estacionamento, mode:FULL, rate:100
2025-12-12 14:33:23, EXEC, v:1, k:poo@estacionamento, mode:FULL, rate:100
2025-12-12 14:33:23, EXEC, v:1, k:poo@estacionamento, mode:FULL, rate:100
2025-12-12 14:33:23, EXEC, v:1, k:poo@estacionamento, mode:FULL, rate:100
2025-12-12 14:33:23, MOVE, v:1, k:poo@estacionamento, mode:BACK
2025-12-12 14:33:24, MOVE, v:1, k:poo@estacionamento, mode:PICK
2025-12-12 14:33:24, EXEC, v:1, k:poo@estacionamento, mode:FULL, rate:100
2025-12-12 14:33:25, EXEC, v:1, k:poo@estacionamento, mode:FULL, rate:100
2025-12-12 14:33:25, EXEC, v:1, k:poo@estacionamento, mode:FULL, rate:100
2025-12-12 14:33:34, EXEC, v:1, k:poo@estacionamento, mode:FULL, rate:100, size:132
2025-12-12 14:33:34, MOVE, v:1, k:poo@estacionamento, mode:BACK
